     1                                  ; hello-os
     2                                  ; TAB=4
     3                                  		CYLS	EQU	10
     4                                  		ORG 0x7c00	; Where to start the program
     5                                  
     6                                  ; For FAT12(floppy disc) format
     7                                  
     8 00000000 EB4E                    		JMP     entry
     9 00000002 90                      		DB      0x90
    10 00000003 48415249424F5445        		DB      "HARIBOTE"
    11 0000000B 0002                    		DW      512
    12 0000000D 01                      		DB      1
    13 0000000E 0100                    		DW      1
    14 00000010 02                      		DB      2
    15 00000011 E000                    		DW      224
    16 00000013 400B                    		DW      2880
    17 00000015 F0                      		DB      0xf0
    18 00000016 0900                    		DW      9
    19 00000018 1200                    		DW      18
    20 0000001A 0200                    		DW      2
    21 0000001C 00000000                		DD      0
    22 00000020 400B0000                		DD      2880
    23 00000024 000029                  		DB      0,0,0x29
    24 00000027 FFFFFFFF                		DD      0xffffffff
    25 0000002B 48415249424F54454F-     		DB      "HARIBOTEOS "
    25 00000034 5320               
    26 00000036 4641543132202020        		DB      "FAT12   "
    27 0000003E 00<rep 12h>             		TIMES   18 DB 0
    28                                  
    29                                  ; Main
    30                                  
    31                                  entry:
    32 00000050 B80000                  		MOV 	AX,0
    33 00000053 8ED0                    		MOV		SS, AX
    34 00000055 BC007C                  		MOV		SP,0x7c00
    35 00000058 8ED8                    		MOV		DS,AX
    36                                  
    37                                  ; Read disc
    38                                  
    39 0000005A B82008                      MOV   AX,0x0820
    40 0000005D 8EC0                        MOV   ES,AX
    41 0000005F B500                        MOV   CH,0
    42 00000061 B600                        MOV   DH,0
    43 00000063 B102                        MOV   CL,2
    44                                  
    45                                  readloop:
    46 00000065 BE0000                  		MOV		SI,0
    47                                  
    48                                  retry:
    49 00000068 B402                        MOV   AH,0x02
    50 0000006A B001                        MOV   AL,1
    51 0000006C BB0000                      MOV   BX,0
    52 0000006F B200                        MOV   DL,0x00
    53 00000071 CD13                        INT   0x13
    54 00000073 7310                    		JNC		next
    55 00000075 83C601                  		ADD		SI,1
    56 00000078 83FE05                  		CMP		SI,5
    57 0000007B 7332                    		JAE		error
    58 0000007D B400                    		MOV		AH,0x00
    59 0000007F B200                    		MOV		DL,0x00
    60 00000081 CD13                    		INT		0x13
    61 00000083 EBE3                        JMP   retry
    62                                  
    63                                  next:
    64 00000085 8CC0                    		MOV		AX, ES
    65 00000087 83C020                  		ADD		AX,0x0020
    66 0000008A 8EC0                    		MOV		ES,AX
    67 0000008C 80C101                  		ADD		CL,1
    68 0000008F 80F912                  		CMP		CL,18
    69 00000092 76D1                    		JBE		readloop
    70 00000094 B101                    		MOV		CL,1
    71 00000096 80C601                  		ADD		DH,1
    72 00000099 80FE02                  		CMP		DH,2
    73 0000009C 72C7                    		JB		readloop
    74 0000009E B600                    		MOV		DH,0
    75 000000A0 80C501                  		ADD		CH,1
    76 000000A3 80FD0A                  		CMP		CH,CYLS
    77 000000A6 72BD                    		JB		readloop
    78 000000A8 882EF00F                		MOV		[0x0ff0],CH
    79 000000AC E9(00C2)                		JMP		0xc200
    80                                  
    81                                  error:
    82 000000AF BE[C700]                    MOV   SI,msg
    83                                  
    84                                  putloop:
    85 000000B2 8A04                    		MOV		AL,[SI]
    86 000000B4 83C601                  		ADD		SI,1
    87 000000B7 3C00                    		CMP		AL,0
    88 000000B9 7409                    		JE		fin
    89 000000BB B40E                    		MOV		AH,0x0e
    90 000000BD BB0F00                  		MOV		BX,15
    91 000000C0 CD10                    		INT		0x10
    92 000000C2 EBEE                    		JMP		putloop
    93                                  
    94                                  fin:
    95 000000C4 F4                      		HLT
    96 000000C5 EBFD                    		JMP		fin
    97                                  
    98                                  msg:
    99 000000C7 0A0A                    		DB      0x0a, 0x0a
   100 000000C9 6C6F6164206572726F-     		DB      "load error"
   100 000000D2 72                 
   101 000000D3 0A                      		DB      0x0a
   102 000000D4 00                      		DB      0
   103 000000D5 00<rep 129h>            		TIMES   0x1fe-($-$$) DB 0
   104 000001FE 55AA                    		DB      0x55, 0xaa
