     1                                  ; hello-os
     2                                  ; TAB=4
     3                                  
     4                                  ORG 0x7c00
     5                                  
     6 00000000 EB4E                    JMP entry
     7 00000002 90                      DB 0x90
     8 00000003 48454C4C4F49504C        DB "HELLOIPL"
     9 0000000B 0002                    DW 512
    10 0000000D 01                      DB 1
    11 0000000E 0100                    DW 1
    12 00000010 02                      DB 2
    13 00000011 E000                    DW 224
    14 00000013 400B                    DW 2880
    15 00000015 F0                      DB 0xf0
    16 00000016 0900                    DW 9
    17 00000018 1200                    DW 18
    18 0000001A 0200                    DW 2
    19 0000001C 00000000                DD 0
    20 00000020 400B0000                DD 2880
    21 00000024 000029                  DB 0, 0, 0x29
    22 00000027 FFFFFFFF                DD 0xffffffff
    23 0000002B 48454C4C4F2D4F5320-     DB "HELLO-OS   "
    23 00000034 2020               
    24 00000036 4641543132202020        DB "FAT12   "
    25 0000003E 00<rep 12h>             TIMES 18 DB 0
    26                                  
    27                                  entry:
    28 00000050 B80000                  	MOV AX, 0
    29 00000053 8ED0                    	MOV SS, AX
    30 00000055 BC007C                  	MOV SP, 0x7c00
    31 00000058 8ED8                    	MOV DS, AX
    32 0000005A 8EC0                    	MOV ES, AX
    33 0000005C BE[7400]                	MOV SI, msg
    34                                  
    35                                  putloop:
    36 0000005F 8A04                    	MOV AL, [SI]
    37 00000061 83C601                  	ADD SI, 1
    38 00000064 3C00                    	CMP AL, 0
    39 00000066 7409                    	JE fin
    40 00000068 B40E                    	MOV AH, 0x0e
    41 0000006A BB0F00                  	MOV BX, 15
    42 0000006D CD10                    	INT 0x10
    43 0000006F EBEE                    	JMP putloop
    44                                  
    45                                  fin:
    46 00000071 F4                      	HLT
    47 00000072 EBFD                    	JMP fin
    48                                  
    49                                  msg:
    50 00000074 0A0A                    	DB 0x0a, 0x0a
    51 00000076 68656C6C6F2C20776F-     	DB "hello, world"
    51 0000007F 726C64             
    52 00000082 0A                      	DB 0x0a
    53 00000083 00                      	DB 0
    54 00000084 00<rep 17Ah>            	TIMES 0x1fe-($-$$) DB 0
    55 000001FE 55AA                    	DB 0x55, 0xaa
    56                                  
    57 00000200 F0FFFF0000000000        DB 0xf0, 0xff, 0xff, 0x00, 0x00, 0x00, 0x00, 0x00
    58 00000208 00<rep 11F8h>           TIMES 4600 DB 0
    59 00001400 F0FFFF0000000000        DB 0xf0, 0xff, 0xff, 0x00, 0x00, 0x00, 0x00, 0x00
    60 00001408 00<rep 166BF8h>         TIMES 1469432 DB 0
