     1                                  ; haribote-os
     2                                  ; TAB=4
     3                                  
     4                                  BOTPAK  EQU     0x00280000
     5                                  DSKCAC  EQU     0x00100000
     6                                  DSKCAC0 EQU     0x00008000
     7                                  
     8                                  ; BOOT_INFO
     9                                  CYLS	EQU		0x0ff0
    10                                  LEDS	EQU		0x0ff1
    11                                  VMODE	EQU		0x0ff2
    12                                  SCRNX	EQU		0x0ff4
    13                                  SCRNY	EQU		0x0ff6
    14                                  VRAM	EQU		0x0ff8
    15                                  
    16                                  		ORG     0xc200
    17                                  
    18                                  ; Display mode
    19 00000000 B013                    		MOV		AL,0x13
    20 00000002 B400                    		MOV		AH,0x00
    21 00000004 CD10                    		INT		0x10
    22 00000006 C606F20F08              		MOV		BYTE [VMODE],8
    23 0000000B C706F40F4001            		MOV		WORD [SCRNX],320
    24 00000011 C706F60FC800            		MOV		WORD [SCRNY],200
    25 00000017 66C706F80F00000A00      		MOV		DWORD [VRAM],0x000a0000
    26                                  
    27                                  ; Keyboard
    28 00000020 B402                    		MOV		AH,0x02
    29 00000022 CD16                    		INT		0x16
    30 00000024 A2F10F                  		MOV		[LEDS],AL
    31                                  
    32 00000027 B0FF                    		MOV		AL,0xff
    33 00000029 E621                    		OUT		0x21,AL
    34 0000002B 90                      		NOP
    35 0000002C E6A1                    		OUT		0xa1,AL
    36                                  
    37 0000002E FA                      		CLI
    38                                  
    39                                  ; CPU access
    40 0000002F E8B500                  		CALL	waitkbdout
    41 00000032 B0D1                    		MOV		AL,0xd1
    42 00000034 E664                    		OUT		0x64,AL
    43 00000036 E8AE00                  		CALL	waitkbdout
    44 00000039 B0DF                    		MOV		AL,0xdf
    45 0000003B E660                    		OUT		0x60,AL
    46 0000003D E8A700                  		CALL	waitkbdout
    47                                  
    48                                  ; protect mode
    49 00000040 0F0116[2A01]            		LGDT	[GDTR0]
    50 00000045 0F20C0                  		MOV		EAX,CR0
    51 00000048 6625FFFFFF7F            		AND		EAX,0x7fffffff
    52 0000004E 6683C801                		OR		EAX,0x00000001
    53 00000052 0F22C0                  		MOV		CR0,EAX
    54 00000055 EB00                    		JMP		pipelineflush
    55                                  pipelineflush:
    56 00000057 B80800                  		MOV		AX,1*8
    57 0000005A 8ED8                    		MOV		DS,AX
    58 0000005C 8EC0                    		MOV		ES,AX
    59 0000005E 8EE0                    		MOV		FS,AX
    60 00000060 8EE8                    		MOV		GS,AX
    61 00000062 8ED0                    		MOV		SS,AX
    62                                  
    63                                  		; bootpack
    64 00000064 66BE[30010000]          		MOV		ESI,bootpack
    65 0000006A 66BF00002800            		MOV		EDI,BOTPAK
    66 00000070 66B900000200            		MOV		ECX,512*1024/4
    67 00000076 E87500                  		CALL	memcpy
    68                                  
    69                                  ; Move disc data
    70                                  		;bootsector
    71 00000079 66BE007C0000            		MOV		ESI,0x7c00
    72 0000007F 66BF00001000            		MOV		EDI,DSKCAC
    73 00000085 66B980000000            		MOV		ECX,512/4
    74 0000008B E86000                  		CALL	memcpy
    75                                  
    76                                  		; Rest
    77 0000008E 66BE00820000            		MOV		ESI,DSKCAC0+512
    78 00000094 66BF00021000            		MOV		EDI,DSKCAC+512
    79 0000009A 66B900000000            		MOV		ECX,0
    80 000000A0 8A0EF00F                		MOV		CL,BYTE [CYLS]
    81 000000A4 6669C900120000          		IMUL	ECX,512*18*2/4
    82 000000AB 6681E980000000          		SUB		ECX,512/4
    83 000000B2 E83900                  		CALL	memcpy
    84                                  
    85                                  ; Boot up bootpack
    86 000000B5 66BB00002800            		MOV		EBX,BOTPAK
    87 000000BB 66678B4B10              		MOV		ECX,[EBX+16]
    88 000000C0 6683C103                		ADD		ECX,3
    89 000000C4 66C1E902                		SHR		ECX,2
    90 000000C8 7410                    		JZ		skip
    91 000000CA 66678B7314              		MOV		ESI,[EBX+20]
    92 000000CF 6601DE                  		ADD		ESI,EBX
    93 000000D2 66678B7B0C              		MOV		EDI,[EBX+12]
    94 000000D7 E81400                  		CALL	memcpy
    95                                  
    96                                  skip:
    97 000000DA 66678B630C              		MOV		ESP,[EBX+12]
    98 000000DF 66EA1B0000001000        		JMP		DWORD 2*8:0x0000001b
    99                                  
   100                                  waitkbdout:
   101 000000E7 E464                    		IN		AL,0x64
   102 000000E9 2402                    		AND		AL,0x02
   103 000000EB 75FA                    		JNZ		waitkbdout
   104 000000ED C3                      		RET
   105                                  
   106                                  memcpy:
   107 000000EE 66678B06                		MOV		EAX,[ESI]
   108 000000F2 6683C604                		ADD		ESI,4
   109 000000F6 66678907                		MOV		[EDI],EAX
   110 000000FA 6683C704                		ADD		EDI,4
   111 000000FE 6683E901                		SUB		ECX,1
   112 00000102 75EA                    		JNZ		memcpy
   113 00000104 C3                      		RET
   114 00000105 00<rep Bh>              		ALIGNB	16, DB 0
   115                                  
   116                                  GDT0:
   117 00000110 00<rep 8h>              		TIMES	8 DB 0
   118 00000118 FFFF00000092CF00        		DW		0xffff,0x0000,0x9200,0x00cf
   119 00000120 FFFF0000289A4700        		DW		0xffff,0x0000,0x9a28,0x0047
   120 00000128 0000                    		DW		0
   121                                  
   122                                  GDTR0:
   123 0000012A 1700                    		DW		8*3-1
   124 0000012C [10010000]              		DD		GDT0
   125                                  		ALIGNB	16, DB 0
   126                                  bootpack:
